<?xml version="1.0" encoding="UTF-8"?>
<testng-results skipped="0" failed="0" total="1" passed="1">
  <reporter-output>
  </reporter-output>
  <suite name="Default suite" duration-ms="6064" started-at="2018-05-15T03:59:38Z" finished-at="2018-05-15T03:59:44Z">
    <groups>
      <group name="cucumber">
        <method signature="TestRunner.feature(cucumber.api.testng.CucumberFeatureWrapper)[pri:0, instance:stepDefinitions.TestRunner@3bfdc050]" name="feature" class="stepDefinitions.TestRunner"/>
      </group> <!-- cucumber -->
    </groups>
    <test name="Default test" duration-ms="6064" started-at="2018-05-15T03:59:38Z" finished-at="2018-05-15T03:59:44Z">
      <class name="stepDefinitions.TestRunner">
        <test-method status="PASS" signature="setUpClass()[pri:0, instance:stepDefinitions.TestRunner@3bfdc050]" name="setUpClass" is-config="true" duration-ms="260" started-at="2018-05-14T23:59:38Z" finished-at="2018-05-14T23:59:38Z">
          <reporter-output>
          </reporter-output>
        </test-method> <!-- setUpClass -->
        <test-method status="PASS" signature="feature(cucumber.api.testng.CucumberFeatureWrapper)[pri:0, instance:stepDefinitions.TestRunner@3bfdc050]" name="feature" duration-ms="5621" started-at="2018-05-14T23:59:38Z" description="Runs Cucumber Feature" data-provider="features" finished-at="2018-05-14T23:59:44Z">
          <params>
            <param index="0">
              <value>
                <![CDATA[Customer Administration Test Scenarios]]>
              </value>
            </param>
          </params>
          <reporter-output>
          </reporter-output>
        </test-method> <!-- feature -->
        <test-method status="PASS" signature="tearDownClass()[pri:0, instance:stepDefinitions.TestRunner@3bfdc050]" name="tearDownClass" is-config="true" duration-ms="86" started-at="2018-05-14T23:59:44Z" finished-at="2018-05-14T23:59:44Z">
          <reporter-output>
          </reporter-output>
        </test-method> <!-- tearDownClass -->
      </class> <!-- stepDefinitions.TestRunner -->
    </test> <!-- Default test -->
  </suite> <!-- Default suite -->
</testng-results>
